c:\users\96963\desktop\git\minigin\x64\release\vc141.pdb
c:\users\96963\desktop\git\minigin\x64\release\texture2d.obj
c:\users\96963\desktop\git\minigin\x64\release\textobject.obj
c:\users\96963\desktop\git\minigin\x64\release\textcomponent.obj
c:\users\96963\desktop\git\minigin\x64\release\scenemanager.obj
c:\users\96963\desktop\git\minigin\x64\release\sceneloader.obj
c:\users\96963\desktop\git\minigin\x64\release\scene.obj
c:\users\96963\desktop\git\minigin\x64\release\resourcemanager.obj
c:\users\96963\desktop\git\minigin\x64\release\renderer.obj
c:\users\96963\desktop\git\minigin\x64\release\positioncomponent.obj
c:\users\96963\desktop\git\minigin\x64\release\minigin.obj
c:\users\96963\desktop\git\minigin\x64\release\maptile.obj
c:\users\96963\desktop\git\minigin\x64\release\mapmanager.obj
c:\users\96963\desktop\git\minigin\x64\release\main.obj
c:\users\96963\desktop\git\minigin\x64\release\log.obj
c:\users\96963\desktop\git\minigin\x64\release\inputmanager.obj
c:\users\96963\desktop\git\minigin\x64\release\inputcomponent.obj
c:\users\96963\desktop\git\minigin\x64\release\gameobject.obj
c:\users\96963\desktop\git\minigin\x64\release\fpscomponent.obj
c:\users\96963\desktop\git\minigin\x64\release\font.obj
c:\users\96963\desktop\git\minigin\x64\release\basecomponent.obj
c:\users\96963\desktop\git\minigin\x64\release\movecomponent.obj
c:\users\96963\desktop\git\minigin\x64\release\transform.obj
c:\users\96963\desktop\git\minigin\x64\release\texturecomponent.obj
c:\users\96963\desktop\git\minigin\x64\release\orientationcomponent.obj
c:\users\96963\desktop\git\minigin\x64\release\physicscomponent.obj
c:\users\96963\desktop\git\minigin\x64\release\minigin.pch
c:\users\96963\desktop\git\minigin\x64\release\miniginpch.obj
c:\users\96963\desktop\git\minigin\x64\release\digcomponent.obj
c:\users\96963\desktop\git\minigin\x64\release\servicelocator.obj
c:\users\96963\desktop\git\x64\release\minigin.exe
c:\users\96963\desktop\git\x64\release\minigin.pdb
c:\users\96963\desktop\git\x64\release\minigin.lib
c:\users\96963\desktop\git\x64\release\minigin.exp
c:\users\96963\desktop\git\x64\release\minigin.ipdb
c:\users\96963\desktop\git\x64\release\minigin.iobj
c:\users\96963\desktop\git\minigin\x64\release\minigin.tlog\cl.command.1.tlog
c:\users\96963\desktop\git\minigin\x64\release\minigin.tlog\cl.read.1.tlog
c:\users\96963\desktop\git\minigin\x64\release\minigin.tlog\cl.write.1.tlog
c:\users\96963\desktop\git\minigin\x64\release\minigin.tlog\link.command.1.tlog
c:\users\96963\desktop\git\minigin\x64\release\minigin.tlog\link.read.1.tlog
c:\users\96963\desktop\git\minigin\x64\release\minigin.tlog\link.write.1.tlog
c:\users\96963\desktop\git\minigin\x64\release\minigin.tlog\minigin.write.1u.tlog
